2023-03-03 15:17:26,992 INFO  [restartedMain] com.runners.ELibraryApplication:Starting ELibraryApplication using Java 11.0.15.1 on G990 with PID 229888 (M:\Intellij_Idea_project\eLibrary\target\classes started by ysf_t in M:\Intellij_Idea_project\eLibrary)
2023-03-03 15:17:26,997 DEBUG [restartedMain] com.runners.ELibraryApplication:Running with Spring Boot v2.7.8, Spring v5.3.25
2023-03-03 15:17:26,998 INFO  [restartedMain] com.runners.ELibraryApplication:No active profile set, falling back to 1 default profile: "default"
2023-03-03 15:17:27,053 INFO  [restartedMain] org.springframework.boot.devtools.env.DevToolsPropertyDefaultsPostProcessor:Devtools property defaults active! Set 'spring.devtools.add-properties' to 'false' to disable
2023-03-03 15:17:27,054 INFO  [restartedMain] org.springframework.boot.devtools.env.DevToolsPropertyDefaultsPostProcessor:For additional web related logging consider setting the 'logging.level.web' property to 'DEBUG'
2023-03-03 15:17:30,104 INFO  [restartedMain] org.springframework.data.repository.config.RepositoryConfigurationDelegate:Bootstrapping Spring Data JPA repositories in DEFAULT mode.
2023-03-03 15:17:30,356 INFO  [restartedMain] org.springframework.data.repository.config.RepositoryConfigurationDelegate:Finished Spring Data repository scanning in 230 ms. Found 3 JPA repository interfaces.
2023-03-03 15:17:31,837 INFO  [restartedMain] org.springframework.boot.web.embedded.tomcat.TomcatWebServer:Tomcat initialized with port(s): 8080 (http)
2023-03-03 15:17:31,851 INFO  [restartedMain] org.apache.catalina.core.StandardService:Starting service [Tomcat]
2023-03-03 15:17:31,852 INFO  [restartedMain] org.apache.catalina.core.StandardEngine:Starting Servlet engine: [Apache Tomcat/9.0.71]
2023-03-03 15:17:31,969 INFO  [restartedMain] org.apache.catalina.core.ContainerBase.[Tomcat].[localhost].[/]:Initializing Spring embedded WebApplicationContext
2023-03-03 15:17:31,970 INFO  [restartedMain] org.springframework.boot.web.servlet.context.ServletWebServerApplicationContext:Root WebApplicationContext: initialization completed in 4916 ms
2023-03-03 15:17:32,372 INFO  [restartedMain] org.hibernate.jpa.internal.util.LogHelper:HHH000204: Processing PersistenceUnitInfo [name: default]
2023-03-03 15:17:32,436 INFO  [restartedMain] org.hibernate.Version:HHH000412: Hibernate ORM core version 5.6.14.Final
2023-03-03 15:17:32,602 INFO  [restartedMain] org.hibernate.annotations.common.Version:HCANN000001: Hibernate Commons Annotations {5.1.2.Final}
2023-03-03 15:17:32,733 INFO  [restartedMain] com.zaxxer.hikari.HikariDataSource:HikariPool-1 - Starting...
2023-03-03 15:17:32,966 INFO  [restartedMain] com.zaxxer.hikari.HikariDataSource:HikariPool-1 - Start completed.
2023-03-03 15:17:32,984 INFO  [restartedMain] org.hibernate.dialect.Dialect:HHH000400: Using dialect: org.hibernate.dialect.PostgreSQLDialect
2023-03-03 15:17:34,087 INFO  [restartedMain] org.hibernate.engine.transaction.jta.platform.internal.JtaPlatformInitiator:HHH000490: Using JtaPlatform implementation: [org.hibernate.engine.transaction.jta.platform.internal.NoJtaPlatform]
2023-03-03 15:17:34,103 INFO  [restartedMain] org.springframework.orm.jpa.LocalContainerEntityManagerFactoryBean:Initialized JPA EntityManagerFactory for persistence unit 'default'
2023-03-03 15:17:34,739 DEBUG [restartedMain] com.runners.security.jwt.AuthTokenFilter:Filter 'authTokenFilter' configured for use
2023-03-03 15:17:35,014 INFO  [restartedMain] org.springframework.security.web.DefaultSecurityFilterChain:Will secure any request with [org.springframework.security.web.session.DisableEncodeUrlFilter@5bd72d92, org.springframework.security.web.context.request.async.WebAsyncManagerIntegrationFilter@405738ea, org.springframework.security.web.context.SecurityContextPersistenceFilter@37448e8d, org.springframework.security.web.header.HeaderWriterFilter@1bf0037d, org.springframework.security.web.authentication.logout.LogoutFilter@16d45f9f, com.runners.security.jwt.AuthTokenFilter@4579c314, org.springframework.security.web.savedrequest.RequestCacheAwareFilter@4e3691cd, org.springframework.security.web.servletapi.SecurityContextHolderAwareRequestFilter@327b7ff7, org.springframework.security.web.authentication.AnonymousAuthenticationFilter@2f8a24ca, org.springframework.security.web.session.SessionManagementFilter@10f0d222, org.springframework.security.web.access.ExceptionTranslationFilter@16fed951, org.springframework.security.web.access.intercept.FilterSecurityInterceptor@284ba639]
2023-03-03 15:17:35,071 WARN  [restartedMain] org.springframework.boot.autoconfigure.orm.jpa.JpaBaseConfiguration$JpaWebConfiguration:spring.jpa.open-in-view is enabled by default. Therefore, database queries may be performed during view rendering. Explicitly configure spring.jpa.open-in-view to disable this warning
2023-03-03 15:17:35,744 INFO  [restartedMain] org.springframework.boot.devtools.autoconfigure.OptionalLiveReloadServer:LiveReload server is running on port 35729
2023-03-03 15:17:35,751 INFO  [restartedMain] org.springframework.boot.actuate.endpoint.web.EndpointLinksResolver:Exposing 15 endpoint(s) beneath base path '/actuator'
2023-03-03 15:17:35,832 INFO  [restartedMain] org.springframework.boot.web.embedded.tomcat.TomcatWebServer:Tomcat started on port(s): 8080 (http) with context path ''
2023-03-03 15:17:35,857 INFO  [restartedMain] com.runners.ELibraryApplication:Started ELibraryApplication in 9.354 seconds (JVM running for 11.483)
2023-03-03 15:17:36,818 INFO  [RMI TCP Connection(4)-192.168.0.11] org.apache.catalina.core.ContainerBase.[Tomcat].[localhost].[/]:Initializing Spring DispatcherServlet 'dispatcherServlet'
2023-03-03 15:20:22,701 INFO  [SpringApplicationShutdownHook] org.springframework.orm.jpa.LocalContainerEntityManagerFactoryBean:Closing JPA EntityManagerFactory for persistence unit 'default'
2023-03-03 15:20:22,705 INFO  [SpringApplicationShutdownHook] com.zaxxer.hikari.HikariDataSource:HikariPool-1 - Shutdown initiated...
2023-03-03 15:20:22,726 INFO  [SpringApplicationShutdownHook] com.zaxxer.hikari.HikariDataSource:HikariPool-1 - Shutdown completed.
2023-03-03 15:37:33,525 INFO  [restartedMain] com.runners.ELibraryApplication:Starting ELibraryApplication using Java 11.0.15.1 on G990 with PID 232896 (M:\Intellij_Idea_project\eLibrary\target\classes started by ysf_t in M:\Intellij_Idea_project\eLibrary)
2023-03-03 15:37:33,526 DEBUG [restartedMain] com.runners.ELibraryApplication:Running with Spring Boot v2.7.8, Spring v5.3.25
2023-03-03 15:37:33,527 INFO  [restartedMain] com.runners.ELibraryApplication:No active profile set, falling back to 1 default profile: "default"
2023-03-03 15:37:33,580 INFO  [restartedMain] org.springframework.boot.devtools.env.DevToolsPropertyDefaultsPostProcessor:Devtools property defaults active! Set 'spring.devtools.add-properties' to 'false' to disable
2023-03-03 15:37:33,581 INFO  [restartedMain] org.springframework.boot.devtools.env.DevToolsPropertyDefaultsPostProcessor:For additional web related logging consider setting the 'logging.level.web' property to 'DEBUG'
2023-03-03 15:37:34,673 INFO  [restartedMain] org.springframework.data.repository.config.RepositoryConfigurationDelegate:Bootstrapping Spring Data JPA repositories in DEFAULT mode.
2023-03-03 15:37:34,740 INFO  [restartedMain] org.springframework.data.repository.config.RepositoryConfigurationDelegate:Finished Spring Data repository scanning in 59 ms. Found 3 JPA repository interfaces.
2023-03-03 15:37:35,328 INFO  [restartedMain] org.springframework.boot.web.embedded.tomcat.TomcatWebServer:Tomcat initialized with port(s): 8080 (http)
2023-03-03 15:37:35,341 INFO  [restartedMain] org.apache.catalina.core.StandardService:Starting service [Tomcat]
2023-03-03 15:37:35,342 INFO  [restartedMain] org.apache.catalina.core.StandardEngine:Starting Servlet engine: [Apache Tomcat/9.0.71]
2023-03-03 15:37:35,419 INFO  [restartedMain] org.apache.catalina.core.ContainerBase.[Tomcat].[localhost].[/]:Initializing Spring embedded WebApplicationContext
2023-03-03 15:37:35,419 INFO  [restartedMain] org.springframework.boot.web.servlet.context.ServletWebServerApplicationContext:Root WebApplicationContext: initialization completed in 1838 ms
2023-03-03 15:37:35,644 INFO  [restartedMain] org.hibernate.jpa.internal.util.LogHelper:HHH000204: Processing PersistenceUnitInfo [name: default]
2023-03-03 15:37:35,691 INFO  [restartedMain] org.hibernate.Version:HHH000412: Hibernate ORM core version 5.6.14.Final
2023-03-03 15:37:35,811 INFO  [restartedMain] org.hibernate.annotations.common.Version:HCANN000001: Hibernate Commons Annotations {5.1.2.Final}
2023-03-03 15:37:35,902 INFO  [restartedMain] com.zaxxer.hikari.HikariDataSource:HikariPool-1 - Starting...
2023-03-03 15:37:36,065 INFO  [restartedMain] com.zaxxer.hikari.HikariDataSource:HikariPool-1 - Start completed.
2023-03-03 15:37:36,078 INFO  [restartedMain] org.hibernate.dialect.Dialect:HHH000400: Using dialect: org.hibernate.dialect.PostgreSQLDialect
2023-03-03 15:37:36,757 INFO  [restartedMain] org.hibernate.engine.transaction.jta.platform.internal.JtaPlatformInitiator:HHH000490: Using JtaPlatform implementation: [org.hibernate.engine.transaction.jta.platform.internal.NoJtaPlatform]
2023-03-03 15:37:36,765 INFO  [restartedMain] org.springframework.orm.jpa.LocalContainerEntityManagerFactoryBean:Initialized JPA EntityManagerFactory for persistence unit 'default'
2023-03-03 15:37:37,242 DEBUG [restartedMain] com.runners.security.jwt.AuthTokenFilter:Filter 'authTokenFilter' configured for use
2023-03-03 15:37:37,449 INFO  [restartedMain] org.springframework.security.web.DefaultSecurityFilterChain:Will secure any request with [org.springframework.security.web.session.DisableEncodeUrlFilter@6d43a40f, org.springframework.security.web.context.request.async.WebAsyncManagerIntegrationFilter@3622dcc5, org.springframework.security.web.context.SecurityContextPersistenceFilter@7425095a, org.springframework.security.web.header.HeaderWriterFilter@710fd7a5, org.springframework.security.web.authentication.logout.LogoutFilter@6f92e81, com.runners.security.jwt.AuthTokenFilter@4ae02a4e, org.springframework.security.web.savedrequest.RequestCacheAwareFilter@4fbba166, org.springframework.security.web.servletapi.SecurityContextHolderAwareRequestFilter@5f49321e, org.springframework.security.web.authentication.AnonymousAuthenticationFilter@563eb07b, org.springframework.security.web.session.SessionManagementFilter@20fc3a65, org.springframework.security.web.access.ExceptionTranslationFilter@55974064, org.springframework.security.web.access.intercept.FilterSecurityInterceptor@7465460b]
2023-03-03 15:37:37,496 WARN  [restartedMain] org.springframework.boot.autoconfigure.orm.jpa.JpaBaseConfiguration$JpaWebConfiguration:spring.jpa.open-in-view is enabled by default. Therefore, database queries may be performed during view rendering. Explicitly configure spring.jpa.open-in-view to disable this warning
2023-03-03 15:37:38,046 INFO  [restartedMain] org.springframework.boot.devtools.autoconfigure.OptionalLiveReloadServer:LiveReload server is running on port 35729
2023-03-03 15:37:38,052 INFO  [restartedMain] org.springframework.boot.actuate.endpoint.web.EndpointLinksResolver:Exposing 15 endpoint(s) beneath base path '/actuator'
2023-03-03 15:37:38,126 INFO  [restartedMain] org.springframework.boot.web.embedded.tomcat.TomcatWebServer:Tomcat started on port(s): 8080 (http) with context path ''
2023-03-03 15:37:38,149 INFO  [restartedMain] com.runners.ELibraryApplication:Started ELibraryApplication in 5.167 seconds (JVM running for 6.6)
2023-03-03 15:37:38,500 INFO  [RMI TCP Connection(1)-192.168.0.11] org.apache.catalina.core.ContainerBase.[Tomcat].[localhost].[/]:Initializing Spring DispatcherServlet 'dispatcherServlet'
2023-03-03 15:50:33,333 WARN  [http-nio-8080-exec-7] org.hibernate.hql.internal.ast.QueryTranslatorImpl:HHH000104: firstResult/maxResults specified with collection fetch; applying in memory!
2023-03-03 15:58:07,792 ERROR [http-nio-8080-exec-6] com.runners.exception.LibraryExceptionHandler:Your passwords are not matched
2023-03-03 15:58:07,800 WARN  [http-nio-8080-exec-6] org.springframework.web.servlet.mvc.method.annotation.ExceptionHandlerExceptionResolver:Resolved [com.runners.exception.BadRequestException: Your passwords are not matched]
2023-03-03 16:01:04,385 ERROR [http-nio-8080-exec-8] com.runners.exception.LibraryExceptionHandler:Your passwords are not matched
2023-03-03 16:01:04,386 WARN  [http-nio-8080-exec-8] org.springframework.web.servlet.mvc.method.annotation.ExceptionHandlerExceptionResolver:Resolved [com.runners.exception.BadRequestException: Your passwords are not matched]
2023-03-03 16:21:09,549 ERROR [http-nio-8080-exec-1] com.runners.exception.LibraryExceptionHandler:Email already exist: xxx@yyy.com
2023-03-03 16:21:09,551 WARN  [http-nio-8080-exec-1] org.springframework.web.servlet.mvc.method.annotation.ExceptionHandlerExceptionResolver:Resolved [com.runners.exception.ConflictException: Email already exist: xxx@yyy.com]
2023-03-03 16:23:18,388 ERROR [http-nio-8080-exec-7] com.runners.exception.LibraryExceptionHandler:JSON parse error: Cannot construct instance of `java.util.HashSet` (although at least one Creator exists): no String-argument constructor/factory method to deserialize from String value ('Member'); nested exception is com.fasterxml.jackson.databind.exc.MismatchedInputException: Cannot construct instance of `java.util.HashSet` (although at least one Creator exists): no String-argument constructor/factory method to deserialize from String value ('Member')
 at [Source: (org.springframework.util.StreamUtils$NonClosingInputStream); line: 9, column: 14] (through reference chain: com.runners.dto.request.AdminUserUpdateRequest["roles"])
2023-03-03 16:23:18,389 WARN  [http-nio-8080-exec-7] org.springframework.web.servlet.mvc.method.annotation.ExceptionHandlerExceptionResolver:Resolved [org.springframework.http.converter.HttpMessageNotReadableException: JSON parse error: Cannot construct instance of `java.util.HashSet` (although at least one Creator exists): no String-argument constructor/factory method to deserialize from String value ('Member'); nested exception is com.fasterxml.jackson.databind.exc.MismatchedInputException: Cannot construct instance of `java.util.HashSet` (although at least one Creator exists): no String-argument constructor/factory method to deserialize from String value ('Member')<EOL> at [Source: (org.springframework.util.StreamUtils$NonClosingInputStream); line: 9, column: 14] (through reference chain: com.runners.dto.request.AdminUserUpdateRequest["roles"])]
2023-03-03 16:29:08,113 ERROR [http-nio-8080-exec-10] com.runners.exception.LibraryExceptionHandler:User with id 10 not found
2023-03-03 16:29:08,116 WARN  [http-nio-8080-exec-10] org.springframework.web.servlet.mvc.method.annotation.ExceptionHandlerExceptionResolver:Resolved [com.runners.exception.ResourceNotFoundException: User with id 10 not found]
2023-03-03 16:31:29,768 ERROR [http-nio-8080-exec-5] com.runners.exception.LibraryExceptionHandler:Sifreniz en az 1 büyük, 1 küçük harf, 1 rakam ve 1 karakter içermelidir 
2023-03-03 16:31:29,770 WARN  [http-nio-8080-exec-5] org.springframework.web.servlet.mvc.method.annotation.ExceptionHandlerExceptionResolver:Resolved [org.springframework.web.bind.MethodArgumentNotValidException: Validation failed for argument [0] in public org.springframework.http.ResponseEntity<com.runners.dto.response.LibraryResponse> com.runners.controller.UserController.updateOneUser(com.runners.dto.request.AdminUserUpdateRequest,java.lang.Long) with 2 errors: [Field error in object 'adminUserUpdateRequest' on field 'password': rejected value [$2a$10$dS5hAfSbS5a92YG2n/Oi2.t6SG6.qGQOoY06TdOjef0.tMW3.grJ6]; codes [Pattern.adminUserUpdateRequest.password,Pattern.password,Pattern.java.lang.String,Pattern]; arguments [org.springframework.context.support.DefaultMessageSourceResolvable: codes [adminUserUpdateRequest.password,password]; arguments []; default message [password],[Ljavax.validation.constraints.Pattern$Flag;@7b379cf6,((?=.*\d)(?=.*[a-z])(?=.*[A-Z])(?=.*[@#$%]).{4,15})]; default message [Sifreniz en az 1 büyük, 1 küçük harf, 1 rakam ve 1 karakter içermelidir ]] [Field error in object 'adminUserUpdateRequest' on field 'password': rejected value [$2a$10$dS5hAfSbS5a92YG2n/Oi2.t6SG6.qGQOoY06TdOjef0.tMW3.grJ6]; codes [Size.adminUserUpdateRequest.password,Size.password,Size.java.lang.String,Size]; arguments [org.springframework.context.support.DefaultMessageSourceResolvable: codes [adminUserUpdateRequest.password,password]; arguments []; default message [password],20,4]; default message [Please provide Correct Size of Password]] ]
2023-03-03 16:31:56,512 ERROR [http-nio-8080-exec-8] com.runners.exception.LibraryExceptionHandler:You don't have any permission to change this data
2023-03-03 16:31:56,514 WARN  [http-nio-8080-exec-8] org.springframework.web.servlet.mvc.method.annotation.ExceptionHandlerExceptionResolver:Resolved [com.runners.exception.BadRequestException: You don't have any permission to change this data]
2023-03-03 17:02:44,811 INFO  [SpringApplicationShutdownHook] org.springframework.orm.jpa.LocalContainerEntityManagerFactoryBean:Closing JPA EntityManagerFactory for persistence unit 'default'
2023-03-03 17:02:44,818 INFO  [SpringApplicationShutdownHook] com.zaxxer.hikari.HikariDataSource:HikariPool-1 - Shutdown initiated...
2023-03-03 17:02:44,831 INFO  [SpringApplicationShutdownHook] com.zaxxer.hikari.HikariDataSource:HikariPool-1 - Shutdown completed.
